<?xml version="1.0" encoding="UTF-8"?>
<testng-results ignored="3" total="6" passed="3" failed="0" skipped="0">
  <reporter-output>
  </reporter-output>
  <suite started-at="2022-08-16T14:04:56 IST" name="Suite" finished-at="2022-08-16T14:05:40 IST" duration-ms="43470">
    <groups>
    </groups>
    <test started-at="2022-08-16T14:04:56 IST" name="Test" finished-at="2022-08-16T14:05:40 IST" duration-ms="43470">
      <class name="main.ExecutionClass">
        <test-method is-config="true" signature="BrowserLaunch(java.lang.String)[pri:0, instance:main.ExecutionClass@1df8b5b8]" started-at="2022-08-16T14:04:56 IST" name="BrowserLaunch" finished-at="2022-08-16T14:05:00 IST" duration-ms="3724" status="PASS">
          <params>
            <param index="0">
              <value>
                <![CDATA[chrome]]>
              </value>
            </param>
          </params>
          <reporter-output>
          </reporter-output>
        </test-method> <!-- BrowserLaunch -->
        <test-method is-config="true" signature="startReport()[pri:0, instance:main.ExecutionClass@1df8b5b8]" started-at="2022-08-16T14:05:00 IST" name="startReport" finished-at="2022-08-16T14:05:00 IST" duration-ms="299" status="PASS">
          <reporter-output>
          </reporter-output>
        </test-method> <!-- startReport -->
        <test-method signature="TC_SDIR_001()[pri:0, instance:main.ExecutionClass@1df8b5b8]" started-at="2022-08-16T14:05:00 IST" name="TC_SDIR_001" finished-at="2022-08-16T14:05:19 IST" duration-ms="18471" status="PASS">
          <reporter-output>
          </reporter-output>
        </test-method> <!-- TC_SDIR_001 -->
        <test-method signature="TS_SDIR_017()[pri:0, instance:main.ExecutionClass@1df8b5b8]" started-at="2022-08-16T14:05:19 IST" name="TS_SDIR_017" finished-at="2022-08-16T14:05:30 IST" duration-ms="11411" status="PASS">
          <reporter-output>
          </reporter-output>
        </test-method> <!-- TS_SDIR_017 -->
        <test-method signature="TS_SDIR_005()[pri:0, instance:main.ExecutionClass@1df8b5b8]" started-at="2022-08-16T14:05:30 IST" name="TS_SDIR_005" finished-at="2022-08-16T14:05:39 IST" duration-ms="8674" status="PASS">
          <reporter-output>
          </reporter-output>
        </test-method> <!-- TS_SDIR_005 -->
        <test-method is-config="true" signature="stopReport()[pri:0, instance:main.ExecutionClass@1df8b5b8]" started-at="2022-08-16T14:05:39 IST" name="stopReport" finished-at="2022-08-16T14:05:40 IST" duration-ms="820" status="PASS">
          <reporter-output>
          </reporter-output>
        </test-method> <!-- stopReport -->
      </class> <!-- main.ExecutionClass -->
    </test> <!-- Test -->
  </suite> <!-- Suite -->
</testng-results>
