<?xml version="1.0" encoding="UTF-8"?>
<!-- Generated by org.testng.reporters.JUnitXMLReporter -->
<testsuite ignored="3" hostname="SEZLP258" failures="0" tests="3" name="Test" time="43.47" errors="0" timestamp="2022-08-16T14:05:40 IST">
  <testcase classname="main.ExecutionClass" name="TC_SDIR_001" time="18.471"/>
  <testcase classname="main.ExecutionClass" name="TS_SDIR_017" time="11.411"/>
  <testcase classname="main.ExecutionClass" name="TS_SDIR_005" time="8.674"/>
  <testcase classname="main.ExecutionClass" name="TS_SDIR_003" time="0.0">
    <ignored/>
  </testcase> <!-- TS_SDIR_003 -->
  <testcase classname="main.ExecutionClass" name="TS_SDIR_004" time="0.0">
    <ignored/>
  </testcase> <!-- TS_SDIR_004 -->
  <testcase classname="main.ExecutionClass" name="TS_SDIR_002" time="0.0">
    <ignored/>
  </testcase> <!-- TS_SDIR_002 -->
</testsuite> <!-- Test -->
